[16jun.2026 15:50:05.224] [main/INFO] [net.neoforged.fml.startup.Entrypoint/]: JVM Uptime at startup: 119ms
[16jun.2026 15:50:05.236] [main/INFO] [net.neoforged.fml.loading.FMLLoader/]: Starting FancyModLoader version 11.0.13 (CLIENT in DEV)
[16jun.2026 15:50:05.236] [main/INFO] [net.neoforged.fml.loading.FMLLoader/]: Game directory: C:\Users\Administrador\Desktop\iron\run
[16jun.2026 15:50:05.286] [main/INFO] [net.neoforged.fml.loading.EarlyServiceDiscovery/]: Found 2 early service jars (out of 108) in 19ms
[16jun.2026 15:50:05.288] [main/INFO] [net.neoforged.fml.loading.FMLLoader/]: Loading FML Early Services:
[16jun.2026 15:50:05.288] [main/INFO] [net.neoforged.fml.loading.FMLLoader/]:  - C:/Users/Administrador/.gradle/caches/modules-2/files-2.1/net.neoforged.fancymodloader/loader/11.0.13/c9c89eaf35535990110088224d188748d81eaecf/loader-11.0.13.jar
[16jun.2026 15:50:05.289] [main/INFO] [net.neoforged.fml.loading.FMLLoader/]:  - C:/Users/Administrador/.gradle/caches/modules-2/files-2.1/net.neoforged.fancymodloader/earlydisplay/11.0.13/491a1bedecb33802fa118cae384b60f91f6f0241/earlydisplay-11.0.13.jar
[16jun.2026 15:50:05.292] [main/INFO] [net.neoforged.fml.loading.ImmediateWindowHandler/]: Loading ImmediateWindowProvider fmlearlywindow
[16jun.2026 15:50:05.747] [ForkJoinPool.commonPool-worker-11/INFO] [net.neoforged.fml.loading.moddiscovery.locators.GameLocator/]: Detected a joined NeoForge and Minecraft configuration. Applying filtering...
[16jun.2026 15:50:05.780] [fml-loadingscreen/INFO] [net.neoforged.fml.earlydisplay.render.LoadingScreenRenderer/]: GL info: AMD Radeon(TM) Graphics GL version 3.3.0 Core Profile Context 26.5.2.260413, ATI Technologies Inc.
[16jun.2026 15:50:05.820] [ForkJoinPool.commonPool-worker-11/INFO] [net.neoforged.fml.loading.moddiscovery.locators.InDevFolderLocator/CORE]: Got mod coordinates ironfurnaces%%C:\Users\Administrador\Desktop\iron\build\classes\java\main;ironfurnaces%%C:\Users\Administrador\Desktop\iron\build\resources\main from env
[16jun.2026 15:50:05.944] [ForkJoinPool.commonPool-worker-11/INFO] [net.neoforged.fml.loading.moddiscovery.locators.JarInJarDependencyLocator/]: Found 2 dependencies adding them to mods collection
[16jun.2026 15:50:05.946] [ForkJoinPool.commonPool-worker-11/INFO] [net.neoforged.fml.loading.moddiscovery.ModDiscoverer/]: 
     Mod List:
		Name Version (Mod Id)

		Iron Furnaces 4.3.2 (ironfurnaces)
		Just Enough Items 29.6.2.31 (jei)
		Minecraft 26.1.2 (minecraft)
		NeoForge 26.1.2.75 (neoforge)
[16jun.2026 15:50:06.145] [main/INFO] [mixin/]: SpongePowered MIXIN Subsystem Version=0.8.7 Source=file:/C:/Users/Administrador/.gradle/caches/modules-2/files-2.1/net.fabricmc/sponge-mixin/0.17.3+mixin.0.8.7/41c4a3984a80f4679e759fb9f495587acc5cdac7/sponge-mixin-0.17.3+mixin.0.8.7.jar Service=FML Env=CLIENT
[16jun.2026 15:50:06.176] [main/INFO] [net.neoforged.fml.loading.FMLLoader/]: Loading FML Plugins:
[16jun.2026 15:50:06.176] [main/INFO] [net.neoforged.fml.loading.FMLLoader/]:  - C:/Users/Administrador/.gradle/caches/modules-2/files-2.1/net.neoforged/neoforge/26.1.2.75/5c8890989345caf63f92a4cb01adb857e3f47fa6/neoforge-26.1.2.75-universal.jar > net.neoforged.neoforge-coremods-26.1.2.75.jar
[16jun.2026 15:50:06.264] [main/INFO] [net.neoforged.fml.loading.FMLLoader/]: Building game content classloader:
 - ironfurnaces (composite(folder(C:/Users/Administrador/Desktop/iron/build/classes/java/main), folder(C:/Users/Administrador/Desktop/iron/build/resources/main)))
 - jei (jar(C:/Users/Administrador/.gradle/caches/modules-2/files-2.1/mezz.jei/jei-26.1.2-neoforge/29.6.2.31/f6e2cbdbda2110c29004efab9baa5fe4198447cb/jei-26.1.2-neoforge-29.6.2.31.jar))
 - minecraft (composite(filtered(jar(C:/Users/Administrador/Desktop/iron/build/moddev/artifacts/minecraft-patched-26.1.2.75.jar)), filtered(jar(C:/Users/Administrador/Desktop/iron/build/moddev/artifacts/minecraft-patched-26.1.2.75.jar))))
 - mixinextras.neoforge (jar(C:/Users/Administrador/.gradle/caches/modules-2/files-2.1/net.neoforged/neoforge/26.1.2.75/5c8890989345caf63f92a4cb01adb857e3f47fa6/neoforge-26.1.2.75-universal.jar > mixinextras-neoforge-0.5.4.jar))
 - neoforge (composite(filtered(jar(C:/Users/Administrador/.gradle/caches/modules-2/files-2.1/net.neoforged/neoforge/26.1.2.75/5c8890989345caf63f92a4cb01adb857e3f47fa6/neoforge-26.1.2.75-universal.jar))))
 - net.neoforged.fml.generated (empty(VirtualJar/net.neoforged.fml.generated))
[16jun.2026 15:50:06.273] [main/INFO] [net.neoforged.fml.loading.FMLLoader/]: Built game content classloader in 18ms
[16jun.2026 15:50:07.386] [Datafixer Bootstrap/INFO] [com.mojang.datafixers.DataFixerBuilder/]: 294 Datafixer optimizations took 280 milliseconds
[16jun.2026 15:50:07.464] [pool-9-thread-1/INFO] [MixinExtras|Service/]: Initializing MixinExtras via com.llamalad7.mixinextras.service.MixinExtrasServiceImpl(version=0.5.4).
[16jun.2026 15:50:11.058] [main/WARN] [net.minecraft.commands.Commands/]: Ambiguity between arguments [teleport, location] and [teleport, destination] with inputs: [0.1 -0.5 .9, 0 0 0]
[16jun.2026 15:50:11.060] [main/WARN] [net.minecraft.commands.Commands/]: Ambiguity between arguments [teleport, location] and [teleport, targets] with inputs: [0.1 -0.5 .9, 0 0 0]
[16jun.2026 15:50:11.061] [main/WARN] [net.minecraft.commands.Commands/]: Ambiguity between arguments [teleport, destination] and [teleport, targets] with inputs: [Player, 0123, @e, dd12be42-52a9-4a91-a8a1-11c01849e498]
[16jun.2026 15:50:11.063] [main/WARN] [net.minecraft.commands.Commands/]: Ambiguity between arguments [teleport, targets] and [teleport, destination] with inputs: [Player, 0123, dd12be42-52a9-4a91-a8a1-11c01849e498]
[16jun.2026 15:50:11.063] [main/WARN] [net.minecraft.commands.Commands/]: Ambiguity between arguments [teleport, targets, location] and [teleport, targets, destination] with inputs: [0.1 -0.5 .9, 0 0 0]
[16jun.2026 15:50:11.064] [main/WARN] [net.minecraft.commands.Commands/]: Ambiguity between arguments [time, set, time] and [time, set, timemarker] with inputs: [0, 0s, 0d, 0t]
[16jun.2026 15:50:11.064] [main/WARN] [net.minecraft.commands.Commands/]: Ambiguity between arguments [time, set, timemarker] and [time, set, time] with inputs: [012]
[16jun.2026 15:50:11.066] [main/WARN] [net.minecraft.commands.Commands/]: Ambiguity between arguments [time, of, clock, set, time] and [time, of, clock, set, timemarker] with inputs: [0, 0s, 0d, 0t]
[16jun.2026 15:50:11.067] [main/WARN] [net.minecraft.commands.Commands/]: Ambiguity between arguments [time, of, clock, set, timemarker] and [time, of, clock, set, time] with inputs: [012]
[16jun.2026 15:50:11.067] [main/WARN] [net.minecraft.commands.Commands/]: Ambiguity between arguments [waypoint, modify, waypoint, color, reset] and [waypoint, modify, waypoint, color, color] with inputs: [reset]
[16jun.2026 15:50:11.120] [modloading-worker-0/INFO] [net.neoforged.neoforge.common.NeoForgeMod/NEOFORGE-MOD]: NeoForge mod loading, version 26.1.2.75, for MC 26.1.2
[16jun.2026 15:50:11.172] [modloading-worker-0/INFO] [mezz.jei.library.load.PluginCaller/]: Sending ConfigManager...
[16jun.2026 15:50:11.175] [modloading-worker-0/INFO] [mezz.jei.library.load.PluginCaller/]: Sending ConfigManager took 1.481 milliseconds
[16jun.2026 15:50:11.573] [Render thread/INFO] [com.mojang.authlib.yggdrasil.YggdrasilAuthenticationService/]: Environment: Environment[sessionHost=https://sessionserver.mojang.com, servicesHost=https://api.minecraftservices.com, profilesHost=https://api.mojang.com, name=PROD]
[16jun.2026 15:50:11.588] [Render thread/INFO] [net.minecraft.client.Minecraft/]: Setting user: Dev
[16jun.2026 15:50:11.670] [Render thread/INFO] [net.minecraft.client.Minecraft/]: Backend library: LWJGL version 3.4.1+2
[16jun.2026 15:50:11.798] [Render thread/INFO] [net.minecraft.client.Minecraft/]: Using optional rendering extensions: GL_ARB_buffer_storage, GL_KHR_debug, GL_ARB_vertex_attrib_binding, GL_ARB_direct_state_access, GL_EXT_texture_filter_anisotropic
[16jun.2026 15:50:12.379] [Render thread/INFO] [net.minecraft.server.packs.resources.ReloadableResourceManager/]: Reloading ResourceManager: vanilla, mod_resources, mod/ironfurnaces, mod/neoforge, mod/jei
[16jun.2026 15:50:12.594] [resourceLoad/INFO] [net.minecraft.client.gui.font.providers.UnihexProvider/]: Found unifont_pua-17.0.01.hex, loading
[16jun.2026 15:50:12.594] [resourceLoad/INFO] [net.minecraft.client.gui.font.providers.UnihexProvider/]: Found unifont_all_no_pua-17.0.01.hex, loading
[16jun.2026 15:50:12.711] [resourceLoad/INFO] [net.minecraft.client.gui.font.providers.UnihexProvider/]: Found unifont_jp_patch-17.0.01.hex, loading
[16jun.2026 15:50:13.670] [Render thread/INFO] [com.mojang.blaze3d.audio.Library/]: OpenAL initialized on device OpenAL Soft on 1 - LG ULTRAGEAR (AMD High Definition Audio Device)
[16jun.2026 15:50:13.673] [Render thread/INFO] [net.minecraft.client.sounds.SoundEngine/SOUNDS]: Sound engine started
[16jun.2026 15:50:13.673] [Render thread/INFO] [net.minecraft.client.renderer.texture.TextureAtlas/]: Created: 512x256x0 minecraft:textures/atlas/particles.png-atlas
[16jun.2026 15:50:13.684] [Render thread/INFO] [net.minecraft.client.renderer.texture.TextureAtlas/]: Created: 128x128x0 minecraft:textures/atlas/decorated_pot.png-atlas
[16jun.2026 15:50:13.685] [Render thread/INFO] [net.minecraft.client.renderer.texture.TextureAtlas/]: Created: 2048x1024x0 minecraft:textures/atlas/armor_trims.png-atlas
[16jun.2026 15:50:13.693] [Render thread/INFO] [net.minecraft.client.renderer.texture.TextureAtlas/]: Created: 512x256x0 minecraft:textures/atlas/paintings.png-atlas
[16jun.2026 15:50:13.693] [Render thread/INFO] [net.minecraft.client.renderer.texture.TextureAtlas/]: Created: 1024x512x0 minecraft:textures/atlas/shield_patterns.png-atlas
[16jun.2026 15:50:13.694] [Render thread/INFO] [net.minecraft.client.renderer.texture.TextureAtlas/]: Created: 2048x2048x4 minecraft:textures/atlas/blocks.png-atlas
[16jun.2026 15:50:13.738] [Render thread/INFO] [net.minecraft.client.renderer.texture.TextureAtlas/]: Created: 512x512x0 minecraft:textures/atlas/chest.png-atlas
[16jun.2026 15:50:13.739] [Render thread/INFO] [net.minecraft.client.renderer.texture.TextureAtlas/]: Created: 256x128x0 minecraft:textures/atlas/celestials.png-atlas
[16jun.2026 15:50:13.740] [Render thread/INFO] [net.minecraft.client.renderer.texture.TextureAtlas/]: Created: 1024x512x0 minecraft:textures/atlas/banner_patterns.png-atlas
[16jun.2026 15:50:13.750] [Render thread/INFO] [net.minecraft.client.renderer.texture.TextureAtlas/]: Created: 512x512x0 minecraft:textures/atlas/beds.png-atlas
[16jun.2026 15:50:13.752] [Render thread/INFO] [net.minecraft.client.renderer.texture.TextureAtlas/]: Created: 1024x512x0 minecraft:textures/atlas/items.png-atlas
[16jun.2026 15:50:13.796] [Render thread/INFO] [net.minecraft.client.renderer.texture.TextureAtlas/]: Created: 1024x1024x0 minecraft:textures/atlas/gui.png-atlas
[16jun.2026 15:50:13.807] [Render thread/INFO] [net.minecraft.client.renderer.texture.TextureAtlas/]: Created: 128x64x0 minecraft:textures/atlas/map_decorations.png-atlas
[16jun.2026 15:50:13.809] [Render thread/INFO] [net.minecraft.client.renderer.texture.TextureAtlas/]: Created: 512x256x0 minecraft:textures/atlas/signs.png-atlas
[16jun.2026 15:50:13.809] [Render thread/INFO] [net.minecraft.client.renderer.texture.TextureAtlas/]: Created: 512x512x0 minecraft:textures/atlas/shulker_boxes.png-atlas
[16jun.2026 15:50:13.885] [Render thread/INFO] [net.neoforged.neoforge.client.entity.animation.json.AnimationLoader/]: Loaded 0 entity animations
[16jun.2026 15:50:14.008] [Render thread/INFO] [net.minecraft.client.renderer.texture.TextureAtlas/]: Created: 256x256x0 jei:textures/atlas/gui.png-atlas
[16jun.2026 15:50:18.262] [Worker-Main-4/ERROR] [net.minecraft.server.packs.resources.SimpleJsonResourceReloadListener/]: Couldn't parse data file 'ironfurnaces:blocks/heater' from 'ironfurnaces:loot_table/blocks/heater.json': DataResult.Error['Item must not be minecraft:air': Optional[Optional[net.minecraft.world.level.storage.loot.LootTable@13a5526d]]]
[16jun.2026 15:50:18.423] [Worker-Main-4/ERROR] [net.minecraft.server.packs.resources.SimpleJsonResourceReloadListener/]: Couldn't parse data file 'ironfurnaces:upgrades/upgrade_copper': DataResult.Error['Map entry 'X' : Missing tag: 'c:stone_tool_materials' in 'minecraft:item'; Not a JSON object: "#c:stone_tool_materials"']
[16jun.2026 15:50:18.440] [Worker-Main-4/ERROR] [net.minecraft.server.packs.resources.SimpleJsonResourceReloadListener/]: Couldn't parse data file 'ironfurnaces:upgrades/upgrade_iron': DataResult.Error['Map entry 'X' : Missing tag: 'c:stone_tool_materials' in 'minecraft:item'; Not a JSON object: "#c:stone_tool_materials"']
[16jun.2026 15:50:18.444] [Worker-Main-4/ERROR] [net.minecraft.server.packs.resources.SimpleJsonResourceReloadListener/]: Couldn't parse data file 'ironfurnaces:upgrades/upgrade_allthemodium': DataResult.Error['Map entry '#' : Missing tag: 'c:ingots/allthemodium' in 'minecraft:item'; Not a JSON object: "#c:ingots/allthemodium"']
[16jun.2026 15:50:18.450] [Worker-Main-4/ERROR] [net.minecraft.server.packs.resources.SimpleJsonResourceReloadListener/]: Couldn't parse data file 'ironfurnaces:furnaces/netherite_furnace': DataResult.Error['Map entry 'S' : Missing tag: 'c:soul_fire_base_blocks' in 'minecraft:item'; Not a JSON object: "#c:soul_fire_base_blocks"']
[16jun.2026 15:50:18.451] [Worker-Main-4/ERROR] [net.minecraft.server.packs.resources.SimpleJsonResourceReloadListener/]: Couldn't parse data file 'ironfurnaces:upgrades/upgrade_silver': DataResult.Error['Map entry '#' : Missing tag: 'c:ingots/silver' in 'minecraft:item'; Not a JSON object: "#c:ingots/silver"']
[16jun.2026 15:50:18.454] [Worker-Main-4/ERROR] [net.minecraft.server.packs.resources.SimpleJsonResourceReloadListener/]: Couldn't parse data file 'ironfurnaces:upgrades/upgrade_netherite': DataResult.Error['Map entry 'S' : Missing tag: 'c:soul_fire_base_blocks' in 'minecraft:item'; Not a JSON object: "#c:soul_fire_base_blocks"']
[16jun.2026 15:50:18.457] [Worker-Main-4/ERROR] [net.minecraft.server.packs.resources.SimpleJsonResourceReloadListener/]: Couldn't parse data file 'ironfurnaces:upgrades/upgrade_gold2': DataResult.Error['Map entry 'X' : Missing tag: 'c:ingots/silver' in 'minecraft:item'; Not a JSON object: "#c:ingots/silver"']
[16jun.2026 15:50:18.461] [Worker-Main-4/ERROR] [net.minecraft.server.packs.resources.SimpleJsonResourceReloadListener/]: Couldn't parse data file 'ironfurnaces:upgrades/upgrade_silver2': DataResult.Error['Map entry '#' : Missing tag: 'c:ingots/silver' in 'minecraft:item'; Not a JSON object: "#c:ingots/silver"']
[16jun.2026 15:50:18.464] [Worker-Main-4/ERROR] [net.minecraft.server.packs.resources.SimpleJsonResourceReloadListener/]: Couldn't parse data file 'ironfurnaces:upgrades/upgrade_vibranium': DataResult.Error['Map entry '#' : Missing tag: 'c:ingots/vibranium' in 'minecraft:item'; Not a JSON object: "#c:ingots/vibranium"']
[16jun.2026 15:50:18.472] [Worker-Main-4/ERROR] [net.minecraft.server.packs.resources.SimpleJsonResourceReloadListener/]: Couldn't parse data file 'ironfurnaces:upgrades/upgrade_unobtainium': DataResult.Error['Map entry '#' : Missing tag: 'c:ingots/unobtainium' in 'minecraft:item'; Not a JSON object: "#c:ingots/unobtainium"']
[16jun.2026 15:50:18.571] [Render thread/INFO] [net.minecraft.world.item.crafting.RecipeManager/]: Loaded 1558 recipes
[16jun.2026 15:50:18.580] [Render thread/INFO] [net.minecraft.advancements.AdvancementTree/]: Loaded 1617 advancements
[16jun.2026 15:50:18.581] [Render thread/INFO] [net.neoforged.neoforge.common.crafting.RecipePriorityManager/]: Loaded 0 recipe priority overrides
[16jun.2026 15:50:18.705] [Server thread/INFO] [net.minecraft.client.server.IntegratedServer/]: Starting integrated minecraft server version 26.1.2
[16jun.2026 15:50:18.705] [Server thread/INFO] [net.minecraft.server.MinecraftServer/]: Generating keypair
[16jun.2026 15:50:18.951] [Server thread/INFO] [net.minecraft.server.level.progress.LoggingLevelLoadListener/]: Loading 0 persistent chunks...
[16jun.2026 15:50:18.961] [Server thread/INFO] [net.minecraft.server.MinecraftServer/]: Saving chunks for level 'ServerLevel[New World]'/minecraft:overworld
[16jun.2026 15:50:18.977] [Server thread/INFO] [net.minecraft.server.MinecraftServer/]: Saving chunks for level 'ServerLevel[New World]'/minecraft:the_nether
[16jun.2026 15:50:18.985] [Server thread/INFO] [net.minecraft.server.MinecraftServer/]: Saving chunks for level 'ServerLevel[New World]'/minecraft:the_end
[16jun.2026 15:50:19.002] [Server thread/INFO] [net.minecraft.server.MinecraftServer/]: ThreadedAnvilChunkStorage (world): All chunks are saved
[16jun.2026 15:50:19.002] [Server thread/INFO] [net.minecraft.server.MinecraftServer/]: ThreadedAnvilChunkStorage (DIM-1): All chunks are saved
[16jun.2026 15:50:19.002] [Server thread/INFO] [net.minecraft.server.MinecraftServer/]: ThreadedAnvilChunkStorage (DIM1): All chunks are saved
[16jun.2026 15:50:19.002] [Server thread/INFO] [net.minecraft.server.MinecraftServer/]: ThreadedAnvilChunkStorage: All dimensions are saved
[16jun.2026 15:50:19.004] [Server thread/INFO] [net.neoforged.neoforge.server.permission.PermissionAPI/]: Successfully initialized permission handler neoforge:default_handler
[16jun.2026 15:50:19.381] [Server thread/INFO] [net.minecraft.server.level.progress.LoggingLevelLoadListener/]: Loading 49 chunks for player spawn...
[16jun.2026 15:50:19.381] [Server thread/INFO] [net.minecraft.server.level.progress.LoggingLevelLoadListener/]: Preparing spawn area: 16%
[16jun.2026 15:50:19.457] [Server thread/INFO] [net.minecraft.server.level.progress.LoggingLevelLoadListener/]: Preparing spawn area: 16%
[16jun.2026 15:50:19.514] [Server thread/INFO] [net.minecraft.server.level.progress.LoggingLevelLoadListener/]: Time elapsed: 563 ms
[16jun.2026 15:50:19.752] [Server thread/INFO] [net.minecraft.server.players.PlayerList/]: Dev[local:E:156b8723] logged in with entity id 6 at (7.110711346936966, -60.0, 1.7586153443871275)
[16jun.2026 15:50:19.808] [Server thread/INFO] [net.minecraft.server.MinecraftServer/]: Dev joined the game
[16jun.2026 15:50:19.952] [Server thread/INFO] [net.minecraft.client.server.IntegratedServer/]: Changing view distance to 32, from 10
[16jun.2026 15:50:19.955] [Server thread/INFO] [net.minecraft.client.server.IntegratedServer/]: Changing simulation distance to 12, from 0
[16jun.2026 15:50:19.965] [Render thread/INFO] [mezz.jei.core.util.LoggedTimer/]: Starting JEI...
[16jun.2026 15:50:19.973] [Render thread/INFO] [mezz.jei.library.load.PluginCaller/]: Registering item subtypes...
[16jun.2026 15:50:19.975] [Render thread/INFO] [mezz.jei.library.load.PluginCaller/]: Registering item subtypes took 2.483 milliseconds
[16jun.2026 15:50:19.976] [Render thread/INFO] [mezz.jei.library.load.PluginCaller/]: Registering fluid subtypes...
[16jun.2026 15:50:19.976] [Render thread/INFO] [mezz.jei.library.load.PluginCaller/]: Registering fluid subtypes took 1.003 milliseconds
[16jun.2026 15:50:19.978] [Render thread/INFO] [mezz.jei.library.load.PluginCaller/]: Registering ingredients...
[16jun.2026 15:50:20.087] [Render thread/INFO] [mezz.jei.library.load.PluginCallerTimerRunnable/]: Registering ingredients: jei:minecraft took 108.9 milliseconds
[16jun.2026 15:50:20.087] [Render thread/INFO] [mezz.jei.library.load.PluginCaller/]: Registering ingredients took 109.7 milliseconds
[16jun.2026 15:50:20.088] [Render thread/INFO] [mezz.jei.library.load.PluginCaller/]: Registering extra ingredients...
[16jun.2026 15:50:20.088] [Render thread/INFO] [mezz.jei.library.load.PluginCaller/]: Registering extra ingredients took 467.6 microseconds
[16jun.2026 15:50:20.088] [Render thread/INFO] [mezz.jei.library.load.PluginCaller/]: Registering search ingredient aliases...
[16jun.2026 15:50:20.090] [Render thread/INFO] [mezz.jei.library.load.PluginCaller/]: Registering search ingredient aliases took 734.5 microseconds
[16jun.2026 15:50:20.104] [Render thread/INFO] [mezz.jei.library.load.PluginCaller/]: Registering Mod Info...
[16jun.2026 15:50:20.104] [Render thread/INFO] [mezz.jei.library.load.PluginCaller/]: Registering Mod Info took 636.6 microseconds
[16jun.2026 15:50:20.121] [Render thread/INFO] [mezz.jei.library.load.PluginCaller/]: Registering categories...
[16jun.2026 15:50:20.136] [Render thread/INFO] [mezz.jei.library.load.PluginCallerTimerRunnable/]: Registering categories: jei:minecraft took 14.48 milliseconds
[16jun.2026 15:50:20.141] [Render thread/INFO] [mezz.jei.library.load.PluginCaller/]: Registering categories took 20.55 milliseconds
[16jun.2026 15:50:20.142] [Render thread/INFO] [mezz.jei.library.load.PluginCaller/]: Registering vanilla category extensions...
[16jun.2026 15:50:20.145] [Render thread/INFO] [mezz.jei.library.load.PluginCaller/]: Registering vanilla category extensions took 2.901 milliseconds
[16jun.2026 15:50:20.147] [Render thread/INFO] [mezz.jei.library.load.PluginCaller/]: Registering recipe catalysts...
[16jun.2026 15:50:20.147] [Render thread/INFO] [mezz.jei.library.load.PluginCaller/]: Registering recipe catalysts took 1.018 milliseconds
[16jun.2026 15:50:20.148] [Render thread/INFO] [mezz.jei.core.util.LoggedTimer/]: Building recipe registry...
[16jun.2026 15:50:20.165] [Render thread/INFO] [mezz.jei.core.util.LoggedTimer/]: Building recipe registry took 16.80 milliseconds
[16jun.2026 15:50:20.166] [Render thread/INFO] [mezz.jei.library.load.PluginCaller/]: Registering advanced plugins...
[16jun.2026 15:50:20.166] [Render thread/INFO] [mezz.jei.library.load.PluginCaller/]: Registering advanced plugins took 546.8 microseconds
[16jun.2026 15:50:20.168] [Render thread/INFO] [mezz.jei.library.load.PluginCaller/]: Registering recipes...
[16jun.2026 15:50:20.477] [Render thread/INFO] [mezz.jei.library.load.PluginCallerTimerRunnable/]: Registering recipes: jei:minecraft took 309.6 milliseconds
[16jun.2026 15:50:20.503] [Render thread/INFO] [mezz.jei.library.load.PluginCallerTimerRunnable/]: Registering recipes: jei:internal took 24.63 milliseconds
[16jun.2026 15:50:20.503] [Render thread/INFO] [mezz.jei.library.load.PluginCaller/]: Registering recipes took 335.2 milliseconds
[16jun.2026 15:50:20.510] [Render thread/INFO] [mezz.jei.library.load.PluginCaller/]: Registering recipes transfer handlers...
[16jun.2026 15:50:20.512] [Render thread/INFO] [mezz.jei.library.load.PluginCaller/]: Registering recipes transfer handlers took 2.405 milliseconds
[16jun.2026 15:50:20.517] [Render thread/INFO] [mezz.jei.core.util.LoggedTimer/]: Building runtime...
[16jun.2026 15:50:20.520] [Render thread/INFO] [mezz.jei.library.load.PluginCaller/]: Registering gui handlers...
[16jun.2026 15:50:20.531] [Render thread/INFO] [mezz.jei.library.load.PluginCaller/]: Registering gui handlers took 11.03 milliseconds
[16jun.2026 15:50:20.534] [Render thread/INFO] [mezz.jei.library.load.PluginCaller/]: Registering Runtime...
[16jun.2026 15:50:20.537] [Render thread/INFO] [mezz.jei.gui.startup.JeiGuiStarter/]: Starting JEI GUI
[16jun.2026 15:50:20.539] [Render thread/INFO] [mezz.jei.core.util.LoggedTimer/]: Building ingredient list...
[16jun.2026 15:50:20.565] [Render thread/INFO] [mezz.jei.core.util.LoggedTimer/]: Building ingredient list took 25.68 milliseconds
[16jun.2026 15:50:20.565] [Render thread/INFO] [mezz.jei.core.util.LoggedTimer/]: Building ingredient filter...
[16jun.2026 15:50:20.595] [Render thread/INFO] [mezz.jei.gui.ingredients.IngredientFilter/]: Adding 1902 ingredients
[16jun.2026 15:50:20.876] [Render thread/INFO] [mezz.jei.gui.ingredients.IngredientFilter/]: Added 1902 ingredients
[16jun.2026 15:50:20.877] [Render thread/INFO] [mezz.jei.core.util.LoggedTimer/]: Building ingredient filter took 312.8 milliseconds
[16jun.2026 15:50:20.929] [Render thread/INFO] [mezz.jei.library.load.PluginCallerTimerRunnable/]: Registering Runtime: jei:neoforge_gui took 392.4 milliseconds
[16jun.2026 15:50:20.929] [Render thread/INFO] [mezz.jei.library.load.PluginCaller/]: Registering Runtime took 393.2 milliseconds
[16jun.2026 15:50:20.929] [Render thread/INFO] [mezz.jei.core.util.LoggedTimer/]: Building runtime took 412.2 milliseconds
[16jun.2026 15:50:20.929] [Render thread/INFO] [mezz.jei.library.load.PluginCaller/]: Sending Runtime...
[16jun.2026 15:50:20.929] [Render thread/INFO] [mezz.jei.library.load.PluginCaller/]: Sending Runtime took 357.8 microseconds
[16jun.2026 15:50:20.930] [Render thread/INFO] [mezz.jei.core.util.LoggedTimer/]: Starting JEI took 963.1 milliseconds
[16jun.2026 15:50:20.950] [Render thread/WARN] [net.minecraft.client.multiplayer.ClientPacketListener/]: Ignoring chat session from Dev due to missing Services public key
[16jun.2026 15:50:20.955] [Render thread/INFO] [net.minecraft.advancements.AdvancementTree/]: Loaded 70 advancements
[16jun.2026 15:50:21.113] [Render thread/INFO] [net.minecraft.client.renderer.DynamicUniformStorage/]: Resizing Dynamic Transforms UBO, capacity limit of 2 reached during a single frame. New capacity will be 4.
[16jun.2026 15:50:21.166] [Render thread/INFO] [net.minecraft.client.renderer.DynamicUniformStorage/]: Resizing Dynamic Transforms UBO, capacity limit of 4 reached during a single frame. New capacity will be 8.
[16jun.2026 15:50:21.372] [Render thread/INFO] [net.minecraft.client.renderer.DynamicUniformStorage/]: Resizing Chunk Sections UBO, capacity limit of 2 reached during a single frame. New capacity will be 8.
[16jun.2026 15:50:21.547] [Render thread/INFO] [net.minecraft.client.renderer.DynamicUniformStorage/]: Resizing Chunk Sections UBO, capacity limit of 8 reached during a single frame. New capacity will be 16.
[16jun.2026 15:50:21.668] [Render thread/INFO] [net.minecraft.client.renderer.DynamicUniformStorage/]: Resizing Chunk Sections UBO, capacity limit of 16 reached during a single frame. New capacity will be 32.
[16jun.2026 15:50:21.822] [Render thread/INFO] [net.minecraft.client.renderer.DynamicUniformStorage/]: Resizing Chunk Sections UBO, capacity limit of 32 reached during a single frame. New capacity will be 64.
[16jun.2026 15:50:22.032] [Render thread/INFO] [net.minecraft.client.renderer.DynamicUniformStorage/]: Resizing Chunk Sections UBO, capacity limit of 64 reached during a single frame. New capacity will be 128.
[16jun.2026 15:50:22.377] [Render thread/INFO] [net.minecraft.client.renderer.DynamicUniformStorage/]: Resizing Chunk Sections UBO, capacity limit of 128 reached during a single frame. New capacity will be 256.
[16jun.2026 15:50:22.740] [Render thread/INFO] [net.minecraft.client.renderer.DynamicUniformStorage/]: Resizing Chunk Sections UBO, capacity limit of 256 reached during a single frame. New capacity will be 512.
[16jun.2026 15:50:23.492] [Render thread/INFO] [net.minecraft.client.renderer.DynamicUniformStorage/]: Resizing Chunk Sections UBO, capacity limit of 512 reached during a single frame. New capacity will be 1024.
[16jun.2026 15:50:43.207] [Render thread/INFO] [net.minecraft.client.renderer.DynamicUniformStorage/]: Resizing Chunk Sections UBO, capacity limit of 1024 reached during a single frame. New capacity will be 2048.
[16jun.2026 15:50:45.007] [Server thread/INFO] [net.minecraft.client.server.IntegratedServer/]: Saving and pausing game...
[16jun.2026 15:50:45.023] [Server thread/INFO] [net.minecraft.server.MinecraftServer/]: Saving chunks for level 'ServerLevel[New World]'/minecraft:overworld
[16jun.2026 15:50:45.047] [Server thread/INFO] [net.minecraft.server.MinecraftServer/]: Saving chunks for level 'ServerLevel[New World]'/minecraft:the_nether
[16jun.2026 15:50:45.049] [Server thread/INFO] [net.minecraft.server.MinecraftServer/]: Saving chunks for level 'ServerLevel[New World]'/minecraft:the_end
[16jun.2026 15:50:45.715] [Render thread/INFO] [mezz.jei.library.startup.JeiStarter/]: Stopping JEI
[16jun.2026 15:50:45.715] [Render thread/INFO] [mezz.jei.library.load.PluginCaller/]: Sending Runtime Unavailable...
[16jun.2026 15:50:45.715] [Render thread/INFO] [mezz.jei.neoforge.plugins.neoforge.NeoForgeGuiPlugin/]: Stopping JEI GUI
[16jun.2026 15:50:45.716] [Render thread/INFO] [mezz.jei.library.load.PluginCaller/]: Sending Runtime Unavailable took 2.028 milliseconds
[16jun.2026 15:50:45.756] [Server thread/INFO] [net.minecraft.server.MinecraftServer/]: Stopping server
[16jun.2026 15:50:45.756] [Server thread/INFO] [net.minecraft.server.MinecraftServer/]: Saving players
[16jun.2026 15:50:45.766] [Server thread/INFO] [net.minecraft.server.network.ServerGamePacketListenerImpl/]: Dev lost connection: Disconnected
[16jun.2026 15:50:45.767] [Server thread/INFO] [net.minecraft.server.MinecraftServer/]: Dev left the game
[16jun.2026 15:50:45.778] [Server thread/INFO] [net.minecraft.server.network.ServerCommonPacketListenerImpl/]: Stopping singleplayer server as player logged out
[16jun.2026 15:50:45.778] [Server thread/INFO] [net.minecraft.server.MinecraftServer/]: Saving worlds
[16jun.2026 15:50:46.023] [Server thread/INFO] [net.minecraft.server.MinecraftServer/]: Saving chunks for level 'ServerLevel[New World]'/minecraft:overworld
[16jun.2026 15:50:46.095] [Server thread/INFO] [net.minecraft.server.MinecraftServer/]: Saving chunks for level 'ServerLevel[New World]'/minecraft:the_nether
[16jun.2026 15:50:46.102] [Server thread/INFO] [net.minecraft.server.MinecraftServer/]: Saving chunks for level 'ServerLevel[New World]'/minecraft:the_end
[16jun.2026 15:50:46.114] [Server thread/INFO] [net.minecraft.server.MinecraftServer/]: ThreadedAnvilChunkStorage (world): All chunks are saved
[16jun.2026 15:50:46.114] [Server thread/INFO] [net.minecraft.server.MinecraftServer/]: ThreadedAnvilChunkStorage (DIM-1): All chunks are saved
[16jun.2026 15:50:46.116] [Server thread/INFO] [net.minecraft.server.MinecraftServer/]: ThreadedAnvilChunkStorage (DIM1): All chunks are saved
[16jun.2026 15:50:46.116] [Server thread/INFO] [net.minecraft.server.MinecraftServer/]: ThreadedAnvilChunkStorage: All dimensions are saved
[16jun.2026 15:50:47.024] [Render thread/INFO] [net.minecraft.client.Minecraft/]: Stopping!
